2018-02-17 20:23:57 [scrapy.utils.log] INFO: Scrapy 1.5.0 started (bot: nomachine)
2018-02-17 20:23:57 [scrapy.utils.log] INFO: Versions: lxml 4.1.1.0, libxml2 2.9.7, cssselect 1.0.3, parsel 1.4.0, w3lib 1.19.0, Twisted 17.9.0, Python 3.5.3 (default, Jan 19 2017, 14:11:04) - [GCC 6.3.0 20170118], pyOpenSSL 17.5.0 (OpenSSL 1.1.0g  2 Nov 2017), cryptography 2.1.4, Platform Linux-4.14.0-0.bpo.3-amd64-x86_64-with-debian-9.3
2018-02-17 20:23:57 [scrapy.crawler] INFO: Overridden settings: {'FEED_FORMAT': 'json', 'ROBOTSTXT_OBEY': True, 'SPIDER_MODULES': ['nomachine.spiders'], 'BOT_NAME': 'nomachine', 'NEWSPIDER_MODULE': 'nomachine.spiders', 'FEED_URI': 'data/%(name)s/%(time)s.json'}
2018-02-17 20:23:57 [scrapy.middleware] INFO: Enabled extensions:
['scrapy.extensions.corestats.CoreStats',
 'scrapy.extensions.telnet.TelnetConsole',
 'scrapy.extensions.memusage.MemoryUsage',
 'scrapy.extensions.logstats.LogStats',
 'scrapy.extensions.feedexport.FeedExporter']
2018-02-17 20:23:57 [scrapy.middleware] INFO: Enabled downloader middlewares:
['scrapy.downloadermiddlewares.robotstxt.RobotsTxtMiddleware',
 'scrapy.downloadermiddlewares.httpauth.HttpAuthMiddleware',
 'scrapy.downloadermiddlewares.downloadtimeout.DownloadTimeoutMiddleware',
 'scrapy.downloadermiddlewares.defaultheaders.DefaultHeadersMiddleware',
 'scrapy.downloadermiddlewares.useragent.UserAgentMiddleware',
 'scrapy.downloadermiddlewares.retry.RetryMiddleware',
 'scrapy.downloadermiddlewares.redirect.MetaRefreshMiddleware',
 'scrapy.downloadermiddlewares.httpcompression.HttpCompressionMiddleware',
 'scrapy.downloadermiddlewares.redirect.RedirectMiddleware',
 'scrapy.downloadermiddlewares.cookies.CookiesMiddleware',
 'scrapy.downloadermiddlewares.httpproxy.HttpProxyMiddleware',
 'scrapy.downloadermiddlewares.stats.DownloaderStats']
2018-02-17 20:23:57 [scrapy.middleware] INFO: Enabled spider middlewares:
['scrapy.spidermiddlewares.httperror.HttpErrorMiddleware',
 'scrapy.spidermiddlewares.offsite.OffsiteMiddleware',
 'scrapy.spidermiddlewares.referer.RefererMiddleware',
 'scrapy.spidermiddlewares.urllength.UrlLengthMiddleware',
 'scrapy.spidermiddlewares.depth.DepthMiddleware']
2018-02-17 20:23:57 [scrapy.middleware] INFO: Enabled item pipelines:
[]
2018-02-17 20:23:57 [scrapy.core.engine] INFO: Spider opened
2018-02-17 20:23:57 [scrapy.extensions.logstats] INFO: Crawled 0 pages (at 0 pages/min), scraped 0 items (at 0 items/min)
2018-02-17 20:23:57 [scrapy.extensions.telnet] DEBUG: Telnet console listening on 127.0.0.1:6023
2018-02-17 20:23:57 [scrapy.core.engine] DEBUG: Crawled (200) <GET https://www.nomachine.com/robots.txt> (referer: None)
2018-02-17 20:23:59 [scrapy.core.engine] DEBUG: Crawled (200) <GET https://www.nomachine.com/download> (referer: None)
2018-02-17 20:23:59 [scrapy.core.engine] DEBUG: Crawled (200) <GET https://www.nomachine.com/download-enterprise> (referer: None)
2018-02-17 20:23:59 [scrapy.dupefilters] DEBUG: Filtered duplicate request: <GET https://www.nomachine.com/download/download&id=8> - no more duplicates will be shown (see DUPEFILTER_DEBUG to show all duplicates)
2018-02-17 20:24:01 [scrapy.core.engine] DEBUG: Crawled (200) <GET https://www.nomachine.com/download/download&id=8> (referer: https://www.nomachine.com/download)
2018-02-17 20:24:01 [scrapy.core.scraper] DEBUG: Scraped from <200 https://www.nomachine.com/download/download&id=8>
{'md5': 'be7ca7ce28c1095bdb808e32f44e3ac5',
 'package_type': 'EXE',
 'supported_os': 'Windows i386/AMD64 XP/Vista/7/8/8.1/10/Windows Server '
                 '2008/2012/2016',
 'title': 'NoMachine for Windows',
 'url': 'http://download.nomachine.com/download/6.0/Windows/nomachine_6.0.78_1.exe',
 'version': '6.0.78_1'}
2018-02-17 20:24:02 [scrapy.core.engine] DEBUG: Crawled (200) <GET https://www.nomachine.com/download/download&id=63> (referer: https://www.nomachine.com/download)
2018-02-17 20:24:02 [scrapy.core.engine] DEBUG: Crawled (200) <GET https://www.nomachine.com/download/linux&id=1> (referer: https://www.nomachine.com/download)
2018-02-17 20:24:02 [scrapy.core.scraper] DEBUG: Scraped from <200 https://www.nomachine.com/download/download&id=63>
{'md5': '110137573fde6fc8ba88dbf6d07e3e21',
 'package_type': 'APK',
 'supported_os': 'Android 3.2.x Honeycomb/4.0.x Ice Cream Sandwich/4.1.x-4.3.x '
                 'Jelly Bean/4.4.x KitKat/5.x Lollipop/6.0 Marshmallow/7.0 '
                 'Nougat/8.0 Oreo',
 'title': 'NoMachine for Android',
 'url': 'http://download.nomachine.com/download/6.0/Android/nomachine_5.0.63_1.apk',
 'version': '5.0.63_1'}
2018-02-17 20:24:02 [scrapy.core.engine] DEBUG: Crawled (200) <GET https://www.nomachine.com/download/linux&id=30&s=ARM> (referer: https://www.nomachine.com/download)
2018-02-17 20:24:02 [scrapy.core.engine] DEBUG: Crawled (200) <GET https://www.nomachine.com/download/download&id=7> (referer: https://www.nomachine.com/download)
2018-02-17 20:24:02 [scrapy.core.engine] DEBUG: Crawled (200) <GET https://www.nomachine.com/download/linux&id=29&s=Raspberry> (referer: https://www.nomachine.com/download)
2018-02-17 20:24:02 [scrapy.core.scraper] DEBUG: Scraped from <200 https://www.nomachine.com/download/download&id=7>
{'md5': 'b86bbe3267aedd22736ae018c3a3d719',
 'package_type': 'DMG',
 'supported_os': 'Mac Intel 64-bit OS X 10.7/10.8/10.9/10.10/10.11, macOS '
                 '10.12/10.13',
 'title': 'NoMachine for Mac',
 'url': 'http://download.nomachine.com/download/6.0/MacOSX/nomachine_6.0.78_4.dmg',
 'version': '6.0.78_4'}
2018-02-17 20:24:05 [scrapy.core.engine] DEBUG: Crawled (200) <GET https://www.nomachine.com/download/download&id=1> (referer: https://www.nomachine.com/download/linux&id=1)
2018-02-17 20:24:05 [scrapy.core.engine] DEBUG: Crawled (200) <GET https://www.nomachine.com/download/download&id=3> (referer: https://www.nomachine.com/download/linux&id=1)
2018-02-17 20:24:05 [scrapy.core.scraper] DEBUG: Scraped from <200 https://www.nomachine.com/download/download&id=1>
{'md5': '9c9be8ab399080f082364e2742f7ae88',
 'package_type': 'DEB',
 'supported_os': 'Debian GNU Linux 4.0 Etch/5.0 Lenny/6.0 Squeeze/7.0 '
                 'Wheezy/8.0 Jessie, Ubuntu 8.04 Hardy Heron/8.10 Intrepid '
                 'Ibex/9.04 Jaunty Jackalope/9.10 Karmic Koala/10.4 Lucid '
                 'Lynx/10.10 Maverick Meerkat/11.04 Natty Narwhal/11.10 '
                 'Oneiric Ocelot/12.04 Precise Pangolin/12.10 Quantal '
                 'Quetzal/13.04 Raring Ringtail/13.10 Saucy Salamander/14.04 '
                 'Trusty Tahr/14.10 Utopic Unicorn/15.04 Vivid Vervet/15.10 '
                 'Wily Werewolf/16.04 Xenial Xerus/16.10 Yakkety Yak/17.04 '
                 'ZestyZapus',
 'title': 'NoMachine for Linux - i386',
 'url': 'http://download.nomachine.com/download/6.0/Linux/nomachine_6.0.78_1_i386.deb',
 'version': '6.0.78_1'}
2018-02-17 20:24:05 [scrapy.core.engine] DEBUG: Crawled (200) <GET https://www.nomachine.com/download/download&id=113&s=ARM> (referer: https://www.nomachine.com/download/linux&id=30&s=ARM)
2018-02-17 20:24:05 [scrapy.core.scraper] DEBUG: Scraped from <200 https://www.nomachine.com/download/download&id=3>
{'md5': '63401b6b0ee29cc51f43f44047a37b16',
 'package_type': 'RPM',
 'supported_os': 'Red Hat Enterprise 4/5/6/7, SLED 10.x/11.x/12.x, SLES '
                 '10/11/12, Open SUSE 10.x/11.x/12.x/13.x/42.x, Mandriva '
                 '2009/2010/2011, Fedora '
                 '10/11/12/13/14/15/16/17/18/19/20/21/22/23/24/25',
 'title': 'NoMachine for Linux - i686',
 'url': 'http://download.nomachine.com/download/6.0/Linux/nomachine_6.0.78_1_i686.rpm',
 'version': '6.0.78_1'}
2018-02-17 20:24:05 [scrapy.core.engine] DEBUG: Crawled (200) <GET https://www.nomachine.com/download/download&id=5> (referer: https://www.nomachine.com/download/linux&id=1)
2018-02-17 20:24:05 [scrapy.core.scraper] DEBUG: Scraped from <200 https://www.nomachine.com/download/download&id=113&s=ARM>
{'md5': 'aa5c5c20f8957f53754cd73458894796',
 'package_type': 'DEB',
 'supported_os': 'Banana Pi (Allwinner A20) running Ubuntu 14.04, Radxa Rock '
                 '(Rockchip RK3188) running Ubuntu 13.04/Linaro 13.09, '
                 'BeagleBone Black (AM335x 1GHz ARM; Cortex-A8) running Ubuntu '
                 '14.04, Orange Pi Zero (H2 quad-core ARM Cortex-A7) running '
                 'Ubuntu 14.04, Orange Pi Win Plus (Allwinner A64 quad-core '
                 'ARM Cortex-A53) running Raspbian 8',
 'title': 'NoMachine for ARM - armhf',
 'url': 'http://download.nomachine.com/download/6.0/Arm/nomachine_6.0.78_1_armhf.deb',
 'version': '6.0.78_1'}
2018-02-17 20:24:05 [scrapy.core.engine] DEBUG: Crawled (200) <GET https://www.nomachine.com/download/download&id=4> (referer: https://www.nomachine.com/download/linux&id=1)
2018-02-17 20:24:05 [scrapy.core.engine] DEBUG: Crawled (200) <GET https://www.nomachine.com/download/download&id=2> (referer: https://www.nomachine.com/download/linux&id=1)
2018-02-17 20:24:05 [scrapy.core.scraper] DEBUG: Scraped from <200 https://www.nomachine.com/download/download&id=5>
{'md5': '5087ab91eb2100054620d5bfdc06a476',
 'package_type': 'RPM',
 'supported_os': 'Red Hat Enterprise 4/5/6/7, SLED 10.x/11.x/12.x, SLES '
                 '10/11/12, Open SUSE 10.x/11.x/12.x/13.x/42.x, Mandriva '
                 '2009/2010/2011, Fedora '
                 '10/11/12/13/14/15/16/17/18/19/20/21/22/23/24/25',
 'title': 'NoMachine for Linux - x86_64',
 'url': 'http://download.nomachine.com/download/6.0/Linux/nomachine_6.0.78_1_x86_64.rpm',
 'version': '6.0.78_1'}
2018-02-17 20:24:05 [scrapy.core.engine] DEBUG: Crawled (200) <GET https://www.nomachine.com/download/download&id=6> (referer: https://www.nomachine.com/download/linux&id=1)
2018-02-17 20:24:05 [scrapy.core.scraper] DEBUG: Scraped from <200 https://www.nomachine.com/download/download&id=4>
{'md5': '329532022e9967b3a8113dd4c3ce6f7b',
 'package_type': 'TAR.GZ',
 'supported_os': 'Red Hat Enterprise 4/5/6/7, SLED 10.x/11.x/12.x, SLES '
                 '10/11/12, Open SUSE 10.x/11.x/12.x/13.x/42.x, Mandriva '
                 '2009/2010/2011, Fedora '
                 '10/11/12/13/14/15/16/17/18/19/20/21/22/23/24/25, Debian GNU '
                 'Linux 4.0 Etch/5.0 Lenny/6.0 Squeeze/7.0 Wheezy/8.0 Jessie, '
                 'Ubuntu 8.04 Hardy Heron/8.10 Intrepid Ibex/9.04 Jaunty '
                 'Jackalope/9.10 Karmic Koala/10.4 Lucid Lynx/10.10 Maverick '
                 'Meerkat/11.04 Natty Narwhal/11.10 Oneiric Ocelot/12.04 '
                 'Precise Pangolin/12.10 Quantal Quetzal/13.04 Raring '
                 'Ringtail/13.10 Saucy Salamander/14.04 Trusty Tahr/14.10 '
                 'Utopic Unicorn/15.04 Vivid Vervet/15.10 Wily Werewolf/16.04 '
                 'Xenial Xerus/16.10 Yakkety Yak/17.04 ZestyZapus',
 'title': 'NoMachine for Linux - i686',
 'url': 'http://download.nomachine.com/download/6.0/Linux/nomachine_6.0.78_1_i686.tar.gz',
 'version': '6.0.78_1'}
2018-02-17 20:24:05 [scrapy.core.scraper] DEBUG: Scraped from <200 https://www.nomachine.com/download/download&id=2>
{'md5': '3645673090788ea0b2a3f664bb71a7dd',
 'package_type': 'DEB',
 'supported_os': 'Debian GNU Linux 4.0 Etch/5.0 Lenny/6.0 Squeeze/7.0 '
                 'Wheezy/8.0 Jessie, Ubuntu 8.04 Hardy Heron/8.10 Intrepid '
                 'Ibex/9.04 Jaunty Jackalope/9.10 Karmic Koala/10.4 Lucid '
                 'Lynx/10.10 Maverick Meerkat/11.04 Natty Narwhal/11.10 '
                 'Oneiric Ocelot/12.04 Precise Pangolin/12.10 Quantal '
                 'Quetzal/13.04 Raring Ringtail/13.10 Saucy Salamander/14.04 '
                 'Trusty Tahr/14.10 Utopic Unicorn/15.04 Vivid Vervet/15.10 '
                 'Wily Werewolf/16.04 Xenial Xerus/16.10 Yakkety Yak/17.04 '
                 'ZestyZapus',
 'title': 'NoMachine for Linux - amd64',
 'url': 'http://download.nomachine.com/download/6.0/Linux/nomachine_6.0.78_1_amd64.deb',
 'version': '6.0.78_1'}
2018-02-17 20:24:05 [scrapy.core.engine] DEBUG: Crawled (200) <GET https://www.nomachine.com/download/download&id=117&s=ARM> (referer: https://www.nomachine.com/download/linux&id=30&s=ARM)
2018-02-17 20:24:05 [scrapy.core.scraper] DEBUG: Scraped from <200 https://www.nomachine.com/download/download&id=6>
{'md5': '7deff13e10a206b38bffb140cdfb8ed8',
 'package_type': 'TAR.GZ',
 'supported_os': 'Red Hat Enterprise 4/5/6/7, SLED 10.x/11.x/12.x, SLES '
                 '10/11/12, Open SUSE 10.x/11.x/12.x/13.x/42.x, Mandriva '
                 '2009/2010/2011, Fedora '
                 '10/11/12/13/14/15/16/17/18/19/20/21/22/23/24/25, Debian GNU '
                 'Linux 4.0 Etch/5.0 Lenny/6.0 Squeeze/7.0 Wheezy/8.0 Jessie, '
                 'Ubuntu 8.04 Hardy Heron/8.10 Intrepid Ibex/9.04 Jaunty '
                 'Jackalope/9.10 Karmic Koala/10.4 Lucid Lynx/10.10 Maverick '
                 'Meerkat/11.04 Natty Narwhal/11.10 Oneiric Ocelot/12.04 '
                 'Precise Pangolin/12.10 Quantal Quetzal/13.04 Raring '
                 'Ringtail/13.10 Saucy Salamander/14.04 Trusty Tahr/14.10 '
                 'Utopic Unicorn/15.04 Vivid Vervet/15.10 Wily Werewolf/16.04 '
                 'Xenial Xerus/16.10 Yakkety Yak/17.04 ZestyZapus',
 'title': 'NoMachine for Linux - x86_64',
 'url': 'http://download.nomachine.com/download/6.0/Linux/nomachine_6.0.78_1_x86_64.tar.gz',
 'version': '6.0.78_1'}
2018-02-17 20:24:05 [scrapy.core.scraper] DEBUG: Scraped from <200 https://www.nomachine.com/download/download&id=117&s=ARM>
{'md5': '94401e02ab1b905dad7a1d7822240647',
 'package_type': 'TAR.GZ',
 'supported_os': 'Banana Pi (Allwinner A20) running Fedora/Ubuntu 14.04, Radxa '
                 'Rock (Rockchip RK3188) running Ubuntu 13.04/Linaro 13.09, '
                 'BeagleBone Black (AM335x 1GHz ARM; Cortex-A8) running Ubuntu '
                 '14.04, Orange Pi Zero (H2 quad-core ARM Cortex-A7) running '
                 'Ubuntu 14.04, Orange Pi Win Plus (Allwinner A64 quad-core '
                 'ARM Cortex-A53) running Raspbian 8',
 'title': 'NoMachine for ARM - armv7hl',
 'url': 'http://download.nomachine.com/download/6.0/Arm/nomachine_6.0.78_1_armv7hl.tar.gz',
 'version': '6.0.78_1'}
2018-02-17 20:24:07 [scrapy.core.engine] DEBUG: Crawled (200) <GET https://www.nomachine.com/download/download&id=112&s=ARM> (referer: https://www.nomachine.com/download/linux&id=30&s=ARM)
2018-02-17 20:24:07 [scrapy.core.scraper] DEBUG: Scraped from <200 https://www.nomachine.com/download/download&id=112&s=ARM>
{'md5': 'a05f91238703f8f35d8ef6a4b2837381',
 'package_type': 'RPM',
 'supported_os': 'Banana Pi (Allwinner A20) running Fedora, Odroid XU4 '
                 '(Exynos5422) running Fedora',
 'title': 'NoMachine for ARM - armv7hl',
 'url': 'http://download.nomachine.com/download/6.0/Arm/nomachine_6.0.78_1_armv7hl.rpm',
 'version': '6.0.78_1'}
2018-02-17 20:24:07 [scrapy.core.engine] DEBUG: Crawled (200) <GET https://www.nomachine.com/download/download&id=116&s=ARM> (referer: https://www.nomachine.com/download/linux&id=30&s=ARM)
2018-02-17 20:24:08 [scrapy.core.scraper] DEBUG: Scraped from <200 https://www.nomachine.com/download/download&id=116&s=ARM>
{'md5': '42b10ec2286e288440ce0014163966f5',
 'package_type': 'TAR.GZ',
 'supported_os': 'Dragonboard 410c (Snapdragon 410) running Debian GNU/Linux 8 '
                 'arm64 and Fedora 24 aarch64, Hikey 96 (Kirin 620) running '
                 'Debian GNU/Linux 8 arm64, Odroid-C2 (Amlogic S905) running '
                 'Ubuntu 16.04 arm64 and Centos 7.4 aarch64, Orange Pi Win '
                 'Plus (Allwinner A64 quad-core ARM Cortex-A53) running Debian '
                 '8 and Ubuntu 16.04',
 'title': 'NoMachine for ARM - aarch64',
 'url': 'http://download.nomachine.com/download/6.0/Arm/nomachine_6.0.78_1_aarch64.tar.gz',
 'version': '6.0.78_1'}
2018-02-17 20:24:08 [scrapy.core.engine] DEBUG: Crawled (200) <GET https://www.nomachine.com/download/download&id=109&s=ARM> (referer: https://www.nomachine.com/download/linux&id=30&s=ARM)
2018-02-17 20:24:08 [scrapy.core.engine] DEBUG: Crawled (200) <GET https://www.nomachine.com/download/download&id=114&s=ARM> (referer: https://www.nomachine.com/download/linux&id=30&s=ARM)
2018-02-17 20:24:08 [scrapy.core.scraper] DEBUG: Scraped from <200 https://www.nomachine.com/download/download&id=109&s=ARM>
{'md5': '33e4b4ba5ff8eece2776278ab45835ea',
 'package_type': 'DEB',
 'supported_os': 'Dragonboard 410c (Snapdragon 410) running Debian GNU/Linux 8 '
                 'arm64, Hikey 96 (Kirin 620) running Debian GNU/Linux 8 '
                 'arm64, Odroid-C2 (Amlogic S905) running Ubuntu 16.04 arm64, '
                 'Orange Pi Win Plus (Allwinner A64 quad-core ARM Cortex-A53) '
                 'running Debian 8 and Ubuntu 16.04',
 'title': 'NoMachine for ARM - arm64',
 'url': 'http://download.nomachine.com/download/6.0/Arm/nomachine_6.0.78_1_arm64.deb',
 'version': '6.0.78_1'}
2018-02-17 20:24:08 [scrapy.core.scraper] DEBUG: Scraped from <200 https://www.nomachine.com/download/download&id=114&s=ARM>
{'md5': '2cda74f11de7c8291d9f063512aac463',
 'package_type': 'RPM',
 'supported_os': 'Odroid-C2 (Amlogic S905) running Fedora 24 aarch64 and '
                 'Centos 7.4 aarch64',
 'title': 'NoMachine for ARM - aarch64',
 'url': 'http://download.nomachine.com/download/6.0/Arm/nomachine_6.0.78_1_aarch64.rpm',
 'version': '6.0.78_1'}
2018-02-17 20:24:08 [scrapy.core.engine] DEBUG: Crawled (200) <GET https://www.nomachine.com/download/download&id=108&s=Raspberry&hw=Pi3> (referer: https://www.nomachine.com/download/linux&id=29&s=Raspberry)
2018-02-17 20:24:08 [scrapy.core.scraper] DEBUG: Scraped from <200 https://www.nomachine.com/download/download&id=108&s=Raspberry&hw=Pi3>
{'md5': '94401e02ab1b905dad7a1d7822240647',
 'package_type': 'TAR.GZ',
 'supported_os': 'Raspberry Pi3 (Broadcom BCM2837) running Fedora 21 / Fedora '
                 '24 / Ubuntu 14.10 (Linaro 15.01) / Debian GNU Linux 8.0 '
                 'Jessie / Raspbian Jessie / Ubuntu Mate 15.10 / Ubuntu Mate '
                 '16.04',
 'title': 'NoMachine for Raspberry - armv7hl',
 'url': 'http://download.nomachine.com/download/6.0/Raspberry/nomachine_6.0.78_1_armv7hl.tar.gz',
 'version': '6.0.78_1'}
2018-02-17 20:24:08 [scrapy.core.engine] DEBUG: Crawled (200) <GET https://www.nomachine.com/download/download&id=103&s=Raspberry&hw=Pi3> (referer: https://www.nomachine.com/download/linux&id=29&s=Raspberry)
2018-02-17 20:24:08 [scrapy.core.engine] DEBUG: Crawled (200) <GET https://www.nomachine.com/download/download&id=105&s=Raspberry&hw=Pi3> (referer: https://www.nomachine.com/download/linux&id=29&s=Raspberry)
2018-02-17 20:24:09 [scrapy.core.engine] DEBUG: Crawled (200) <GET https://www.nomachine.com/download/download&id=104&s=Raspberry&hw=Pi3> (referer: https://www.nomachine.com/download/linux&id=29&s=Raspberry)
2018-02-17 20:24:09 [scrapy.core.scraper] DEBUG: Scraped from <200 https://www.nomachine.com/download/download&id=103&s=Raspberry&hw=Pi3>
{'md5': 'a05f91238703f8f35d8ef6a4b2837381',
 'package_type': 'RPM',
 'supported_os': 'Raspberry Pi3 (Broadcom BCM2837) running Fedora 21/Fedora 24',
 'title': 'NoMachine for Raspberry - armv7hl',
 'url': 'http://download.nomachine.com/download/6.0/Raspberry/nomachine_6.0.78_1_armv7hl.rpm',
 'version': '6.0.78_1'}
2018-02-17 20:24:09 [scrapy.core.scraper] DEBUG: Scraped from <200 https://www.nomachine.com/download/download&id=105&s=Raspberry&hw=Pi3>
{'md5': '2cda74f11de7c8291d9f063512aac463',
 'package_type': 'RPM',
 'supported_os': 'Raspberry Pi3 (Broadcom BCM2837) running Centos 7.4 aarch64 '
                 '/ Fedora 24 aarch64 / OpenSuSE Leap 42.2 aarch64',
 'title': 'NoMachine for Raspberry - aarch64',
 'url': 'http://download.nomachine.com/download/6.0/Raspberry/nomachine_6.0.78_1_aarch64.rpm',
 'version': '6.0.78_1'}
2018-02-17 20:24:09 [scrapy.core.scraper] DEBUG: Scraped from <200 https://www.nomachine.com/download/download&id=104&s=Raspberry&hw=Pi3>
{'md5': 'aa5c5c20f8957f53754cd73458894796',
 'package_type': 'DEB',
 'supported_os': 'Raspberry Pi3 (Broadcom BCM2837) running Ubuntu 14.10 '
                 '(Linaro 15.01) / Debian GNU Linux 8.0 Jessie / Raspbian '
                 'Wheeze / Raspbian Jessie / Ubuntu Mate 15.10 / Ubuntu Mate '
                 '16.04',
 'title': 'NoMachine for Raspberry - armhf',
 'url': 'http://download.nomachine.com/download/6.0/Raspberry/nomachine_6.0.78_1_armhf.deb',
 'version': '6.0.78_1'}
2018-02-17 20:24:10 [scrapy.core.engine] DEBUG: Crawled (200) <GET https://www.nomachine.com/download/download&id=107&s=Raspberry&hw=Pi3> (referer: https://www.nomachine.com/download/linux&id=29&s=Raspberry)
2018-02-17 20:24:11 [scrapy.core.scraper] DEBUG: Scraped from <200 https://www.nomachine.com/download/download&id=107&s=Raspberry&hw=Pi3>
{'md5': '42b10ec2286e288440ce0014163966f5',
 'package_type': 'TAR.GZ',
 'supported_os': 'Raspberry Pi3 (Broadcom BCM2837) running Centos 7.4 aarch64 '
                 '/ Debian GNU/Linux 8 arm64 / Fedora 24 aarch64 / OpenSuSE '
                 'Leap 42.2 aarch64',
 'title': 'NoMachine for Raspberry - aarch64',
 'url': 'http://download.nomachine.com/download/6.0/Raspberry/nomachine_6.0.78_1_aarch64.tar.gz',
 'version': '6.0.78_1'}
2018-02-17 20:24:11 [scrapy.core.engine] DEBUG: Crawled (200) <GET https://www.nomachine.com/download/download&id=100&s=Raspberry&hw=Pi3> (referer: https://www.nomachine.com/download/linux&id=29&s=Raspberry)
2018-02-17 20:24:11 [scrapy.core.engine] DEBUG: Crawled (200) <GET https://www.nomachine.com/download/download&id=101&s=Raspberry&hw=Pi3> (referer: https://www.nomachine.com/download/linux&id=29&s=Raspberry)
2018-02-17 20:24:11 [scrapy.core.scraper] DEBUG: Scraped from <200 https://www.nomachine.com/download/download&id=100&s=Raspberry&hw=Pi3>
{'md5': '33e4b4ba5ff8eece2776278ab45835ea',
 'package_type': 'DEB',
 'supported_os': 'Raspberry Pi3 (Broadcom BCM2837) running Debian GNU/Linux 8 '
                 'arm64',
 'title': 'NoMachine for Raspberry - arm64',
 'url': 'http://download.nomachine.com/download/6.0/Raspberry/nomachine_6.0.78_1_arm64.deb',
 'version': '6.0.78_1'}
2018-02-17 20:24:11 [scrapy.core.scraper] DEBUG: Scraped from <200 https://www.nomachine.com/download/download&id=101&s=Raspberry&hw=Pi3>
{'md5': '509b5e4ae6fdf40aee577befb8cca834',
 'package_type': 'DEB',
 'supported_os': 'Raspberry Pi3 (Broadcom BCM2837) running Raspbian Wheeze / '
                 'Raspbian Jessie / Ubuntu Mate 15.10 / Ubuntu Mate 16.04',
 'title': 'NoMachine for Raspberry - armv6hf',
 'url': 'http://download.nomachine.com/download/6.0/Raspberry/nomachine_6.0.78_1_armv6hf.deb',
 'version': '6.0.78_1'}
2018-02-17 20:24:11 [scrapy.core.engine] DEBUG: Crawled (200) <GET https://www.nomachine.com/download/download&id=106&s=Raspberry&hw=Pi3> (referer: https://www.nomachine.com/download/linux&id=29&s=Raspberry)
2018-02-17 20:24:11 [scrapy.core.scraper] DEBUG: Scraped from <200 https://www.nomachine.com/download/download&id=106&s=Raspberry&hw=Pi3>
{'md5': '0d64e484209f30db6b2290b6b08bb52c',
 'package_type': 'TAR.GZ',
 'supported_os': 'Raspberry Pi3 (Broadcom BCM2837) running Fedora 21/Raspbian '
                 'Wheeze / Raspbian Jessie / Ubuntu Mate 15.10 / Ubuntu Mate '
                 '16.04',
 'title': 'NoMachine for Raspberry - armv6hl',
 'url': 'http://download.nomachine.com/download/6.0/Raspberry/nomachine_6.0.78_1_armv6hl.tar.gz',
 'version': '6.0.78_1'}
2018-02-17 20:24:12 [scrapy.core.engine] DEBUG: Crawled (200) <GET https://www.nomachine.com/download/download&id=108&s=Raspberry&hw=Pi2> (referer: https://www.nomachine.com/download/linux&id=29&s=Raspberry)
2018-02-17 20:24:12 [scrapy.core.engine] DEBUG: Crawled (200) <GET https://www.nomachine.com/download/download&id=102&s=Raspberry&hw=Pi3> (referer: https://www.nomachine.com/download/linux&id=29&s=Raspberry)
2018-02-17 20:24:12 [scrapy.core.scraper] DEBUG: Scraped from <200 https://www.nomachine.com/download/download&id=108&s=Raspberry&hw=Pi2>
{'md5': '94401e02ab1b905dad7a1d7822240647',
 'package_type': 'TAR.GZ',
 'supported_os': 'Raspberry Pi2 (Broadcom BCM2836) running Fedora 21/Fedora '
                 '24/Ubuntu 14.10 (Linaro 15.01)/Debian GNU Linux 8.0 '
                 'Jessie/Raspbian Jessie',
 'title': 'NoMachine for Raspberry - armv7hl',
 'url': 'http://download.nomachine.com/download/6.0/Raspberry/nomachine_6.0.78_1_armv7hl.tar.gz',
 'version': '6.0.78_1'}
2018-02-17 20:24:12 [scrapy.core.engine] DEBUG: Crawled (200) <GET https://www.nomachine.com/download/download&id=104&s=Raspberry&hw=Pi2> (referer: https://www.nomachine.com/download/linux&id=29&s=Raspberry)
2018-02-17 20:24:12 [scrapy.core.scraper] DEBUG: Scraped from <200 https://www.nomachine.com/download/download&id=102&s=Raspberry&hw=Pi3>
{'md5': '3c7feb3f9f4074eb8daaf976a2d962d6',
 'package_type': 'RPM',
 'supported_os': 'Raspberry Pi3 (Broadcom BCM2837) running Fedora 21/Fedora 24',
 'title': 'NoMachine for Raspberry - armv6hl',
 'url': 'http://download.nomachine.com/download/6.0/Raspberry/nomachine_6.0.78_1_armv6hl.rpm',
 'version': '6.0.78_1'}
2018-02-17 20:24:12 [scrapy.core.scraper] DEBUG: Scraped from <200 https://www.nomachine.com/download/download&id=104&s=Raspberry&hw=Pi2>
{'md5': 'aa5c5c20f8957f53754cd73458894796',
 'package_type': 'DEB',
 'supported_os': 'Raspberry Pi2 (Broadcom BCM2836) running Ubuntu 14.10 '
                 '(Linaro 15.01)/Debian GNU Linux 8.0 Jessie/Raspbian Wheeze / '
                 'Raspbian Jessie',
 'title': 'NoMachine for Raspberry - armhf',
 'url': 'http://download.nomachine.com/download/6.0/Raspberry/nomachine_6.0.78_1_armhf.deb',
 'version': '6.0.78_1'}
2018-02-17 20:24:12 [scrapy.core.engine] DEBUG: Crawled (200) <GET https://www.nomachine.com/download/download&id=103&s=Raspberry&hw=Pi2> (referer: https://www.nomachine.com/download/linux&id=29&s=Raspberry)
2018-02-17 20:24:12 [scrapy.core.scraper] DEBUG: Scraped from <200 https://www.nomachine.com/download/download&id=103&s=Raspberry&hw=Pi2>
{'md5': 'a05f91238703f8f35d8ef6a4b2837381',
 'package_type': 'RPM',
 'supported_os': 'Raspberry Pi2 (Broadcom BCM2836) running Fedora 21/Fedora 24',
 'title': 'NoMachine for Raspberry - armv7hl',
 'url': 'http://download.nomachine.com/download/6.0/Raspberry/nomachine_6.0.78_1_armv7hl.rpm',
 'version': '6.0.78_1'}
2018-02-17 20:24:13 [scrapy.core.engine] DEBUG: Crawled (200) <GET https://www.nomachine.com/download/download&id=106&s=Raspberry&hw=Pi2> (referer: https://www.nomachine.com/download/linux&id=29&s=Raspberry)
2018-02-17 20:24:13 [scrapy.core.scraper] DEBUG: Scraped from <200 https://www.nomachine.com/download/download&id=106&s=Raspberry&hw=Pi2>
{'md5': '0d64e484209f30db6b2290b6b08bb52c',
 'package_type': 'TAR.GZ',
 'supported_os': 'Raspberry Pi2 (Broadcom BCM2836) running Fedora 21/Raspbian '
                 'Wheeze / Raspbian Jessie',
 'title': 'NoMachine for Raspberry - armv6hl',
 'url': 'http://download.nomachine.com/download/6.0/Raspberry/nomachine_6.0.78_1_armv6hl.tar.gz',
 'version': '6.0.78_1'}
2018-02-17 20:24:13 [scrapy.core.engine] DEBUG: Crawled (200) <GET https://www.nomachine.com/download/download&id=102&s=Raspberry&hw=Pi2> (referer: https://www.nomachine.com/download/linux&id=29&s=Raspberry)
2018-02-17 20:24:13 [scrapy.core.engine] DEBUG: Crawled (200) <GET https://www.nomachine.com/download/download&id=101&s=Raspberry&hw=Pi2> (referer: https://www.nomachine.com/download/linux&id=29&s=Raspberry)
2018-02-17 20:24:13 [scrapy.core.scraper] DEBUG: Scraped from <200 https://www.nomachine.com/download/download&id=102&s=Raspberry&hw=Pi2>
{'md5': '3c7feb3f9f4074eb8daaf976a2d962d6',
 'package_type': 'RPM',
 'supported_os': 'Raspberry Pi2 (Broadcom BCM2836) running Fedora 21/Fedora 24',
 'title': 'NoMachine for Raspberry - armv6hl',
 'url': 'http://download.nomachine.com/download/6.0/Raspberry/nomachine_6.0.78_1_armv6hl.rpm',
 'version': '6.0.78_1'}
2018-02-17 20:24:13 [scrapy.core.scraper] DEBUG: Scraped from <200 https://www.nomachine.com/download/download&id=101&s=Raspberry&hw=Pi2>
{'md5': '509b5e4ae6fdf40aee577befb8cca834',
 'package_type': 'DEB',
 'supported_os': 'Raspberry Pi2 (Broadcom BCM2836) running Raspbian Wheeze / '
                 'Raspbian Jessie',
 'title': 'NoMachine for Raspberry - armv6hf',
 'url': 'http://download.nomachine.com/download/6.0/Raspberry/nomachine_6.0.78_1_armv6hf.deb',
 'version': '6.0.78_1'}
2018-02-17 20:24:13 [scrapy.core.engine] INFO: Closing spider (finished)
2018-02-17 20:24:13 [scrapy.extensions.feedexport] INFO: Stored json feed (30 items) in: data/downloads/2018-02-18T01-23-57.json
2018-02-17 20:24:13 [scrapy.statscollectors] INFO: Dumping Scrapy stats:
{'downloader/request_bytes': 13342,
 'downloader/request_count': 36,
 'downloader/request_method_count/GET': 36,
 'downloader/response_bytes': 670619,
 'downloader/response_count': 36,
 'downloader/response_status_count/200': 36,
 'dupefilter/filtered': 42,
 'finish_reason': 'finished',
 'finish_time': datetime.datetime(2018, 2, 18, 1, 24, 13, 611689),
 'item_scraped_count': 30,
 'log_count/DEBUG': 68,
 'log_count/INFO': 8,
 'memusage/max': 49594368,
 'memusage/startup': 49594368,
 'request_depth_max': 2,
 'response_received_count': 36,
 'scheduler/dequeued': 35,
 'scheduler/dequeued/memory': 35,
 'scheduler/enqueued': 35,
 'scheduler/enqueued/memory': 35,
 'start_time': datetime.datetime(2018, 2, 18, 1, 23, 57, 390491)}
2018-02-17 20:24:13 [scrapy.core.engine] INFO: Spider closed (finished)
Processing https://www.nomachine.com/download/download&id=8
Processing https://www.nomachine.com/download/download&id=63
Processing https://www.nomachine.com/download/linux&id=1
Processing https://www.nomachine.com/download/linux&id=30&s=ARM
Processing https://www.nomachine.com/download/download&id=7
Processing https://www.nomachine.com/download/linux&id=29&s=Raspberry
Processing https://www.nomachine.com/download/download&id=1
Processing https://www.nomachine.com/download/download&id=3
Processing https://www.nomachine.com/download/download&id=113&s=ARM
Processing https://www.nomachine.com/download/download&id=5
Processing https://www.nomachine.com/download/download&id=4
Processing https://www.nomachine.com/download/download&id=2
Processing https://www.nomachine.com/download/download&id=6
Processing https://www.nomachine.com/download/download&id=117&s=ARM
Processing https://www.nomachine.com/download/download&id=112&s=ARM
Processing https://www.nomachine.com/download/download&id=116&s=ARM
Processing https://www.nomachine.com/download/download&id=109&s=ARM
Processing https://www.nomachine.com/download/download&id=114&s=ARM
Processing https://www.nomachine.com/download/download&id=108&s=Raspberry&hw=Pi3
Processing https://www.nomachine.com/download/download&id=103&s=Raspberry&hw=Pi3
Processing https://www.nomachine.com/download/download&id=105&s=Raspberry&hw=Pi3
Processing https://www.nomachine.com/download/download&id=104&s=Raspberry&hw=Pi3
Processing https://www.nomachine.com/download/download&id=107&s=Raspberry&hw=Pi3
Processing https://www.nomachine.com/download/download&id=100&s=Raspberry&hw=Pi3
Processing https://www.nomachine.com/download/download&id=101&s=Raspberry&hw=Pi3
Processing https://www.nomachine.com/download/download&id=106&s=Raspberry&hw=Pi3
Processing https://www.nomachine.com/download/download&id=108&s=Raspberry&hw=Pi2
Processing https://www.nomachine.com/download/download&id=102&s=Raspberry&hw=Pi3
Processing https://www.nomachine.com/download/download&id=104&s=Raspberry&hw=Pi2
Processing https://www.nomachine.com/download/download&id=103&s=Raspberry&hw=Pi2
Processing https://www.nomachine.com/download/download&id=106&s=Raspberry&hw=Pi2
Processing https://www.nomachine.com/download/download&id=102&s=Raspberry&hw=Pi2
Processing https://www.nomachine.com/download/download&id=101&s=Raspberry&hw=Pi2
